Start testing: Jan 05 20:30 EST
----------------------------------------------------------
1/1 Testing: network-monitor-tests
1/1 Test: network-monitor-tests
Command: "/mnt/c/Users/turakz/Desktop/learncpptp/projects/livetransportmonitor/network-monitor/build/network-monitor-tests"
Directory: /mnt/c/Users/turakz/Desktop/learncpptp/projects/livetransportmonitor/network-monitor/build
"network-monitor-tests" start time: Jan 05 20:30 EST
Output:
----------------------------------------------------------
Running 4 test cases...
download successful... "/tmp/network-layout.json"

[1;32;49m*** No errors detected
[0;39;49m
<end of output>
Test time =   2.15 sec
----------------------------------------------------------
Test Pass Reason:
Required regular expression found. Regex=[.*No errors detected]
"network-monitor-tests" end time: Jan 05 20:30 EST
"network-monitor-tests" time elapsed: 00:00:02
----------------------------------------------------------

End testing: Jan 05 20:30 EST
